2025-10-04 21:48:10 INFO  Account_Registration_TC001:21 - *******Starting Account_Registration_TC001 ***********
2025-10-04 21:48:12 INFO  Account_Registration_TC001:31 - Username entered successfully
2025-10-04 21:48:13 INFO  Account_Registration_TC001:33 - Email entered successfully
2025-10-04 21:48:13 INFO  Account_Registration_TC001:35 - Signup button clicked successfully
2025-10-04 21:50:10 INFO  Account_Registration_TC001:21 - *******Starting Account_Registration_TC001 ***********
2025-10-04 21:50:12 INFO  Account_Registration_TC001:31 - Username entered successfully
2025-10-04 21:50:12 INFO  Account_Registration_TC001:33 - Email entered successfully
2025-10-04 21:50:14 INFO  Account_Registration_TC001:35 - Signup button clicked successfully
2025-10-04 21:50:14 INFO  Account_Registration_TC001:40 - Title entered
2025-10-04 21:50:14 INFO  Account_Registration_TC001:42 - Password entered
2025-10-04 21:51:57 INFO  Account_Registration_TC001:21 - *******Starting Account_Registration_TC001 ***********
2025-10-04 21:51:58 INFO  Account_Registration_TC001:31 - Username entered successfully
2025-10-04 21:51:59 INFO  Account_Registration_TC001:33 - Email entered successfully
2025-10-04 21:52:00 INFO  Account_Registration_TC001:35 - Signup button clicked successfully
2025-10-04 21:52:00 INFO  Account_Registration_TC001:40 - Title entered
2025-10-04 21:52:00 INFO  Account_Registration_TC001:42 - Password entered
2025-10-04 21:52:01 INFO  Account_Registration_TC001:44 - Days entered
2025-10-04 21:54:14 INFO  Account_Registration_TC001:21 - *******Starting Account_Registration_TC001 ***********
2025-10-04 21:54:16 INFO  Account_Registration_TC001:31 - Username entered successfully
2025-10-04 21:54:16 INFO  Account_Registration_TC001:33 - Email entered successfully
2025-10-04 21:54:17 INFO  Account_Registration_TC001:35 - Signup button clicked successfully
2025-10-04 21:54:17 INFO  Account_Registration_TC001:40 - Title entered
2025-10-04 21:54:17 INFO  Account_Registration_TC001:42 - Password entered
2025-10-04 21:55:39 INFO  Account_Registration_TC001:21 - *******Starting Account_Registration_TC001 ***********
2025-10-04 21:55:40 INFO  Account_Registration_TC001:31 - Username entered successfully
2025-10-04 21:55:41 INFO  Account_Registration_TC001:33 - Email entered successfully
2025-10-04 21:55:42 INFO  Account_Registration_TC001:35 - Signup button clicked successfully
2025-10-04 21:55:42 INFO  Account_Registration_TC001:40 - Title entered
2025-10-04 21:55:42 INFO  Account_Registration_TC001:42 - Password entered
2025-10-04 21:55:47 INFO  Account_Registration_TC001:45 - Days entered
2025-10-04 21:55:48 INFO  Account_Registration_TC001:47 - Month entered
2025-10-04 21:55:48 INFO  Account_Registration_TC001:49 - Year entered
2025-10-04 21:55:54 INFO  Account_Registration_TC001:64 - create account clicked
